0 info it worked if it ends with ok
1 verbose cli [ '/usr/local/bin/node', '/usr/local/bin/npm', 'run', 'watch' ]
2 info using npm@4.1.2
3 info using node@v7.7.1
4 verbose run-script [ 'prewatch', 'watch', 'postwatch' ]
5 info lifecycle docky@0.1.1~prewatch: docky@0.1.1
6 silly lifecycle docky@0.1.1~prewatch: no script for prewatch, continuing
7 info lifecycle docky@0.1.1~watch: docky@0.1.1
8 verbose lifecycle docky@0.1.1~watch: unsafe-perm in lifecycle true
9 verbose lifecycle docky@0.1.1~watch: PATH: /usr/local/lib/node_modules/npm/bin/node-gyp-bin:/Users/mamurray/Apps/docky/node_modules/.bin:/usr/local/bin:/usr/bin:/bin:/usr/sbin:/sbin:/usr/local/sbin:/Users/mamurray/Library/Android/sdk/tools:/Users/mamurray/Library/Android/sdk/platform-tools
10 verbose lifecycle docky@0.1.1~watch: CWD: /Users/mamurray/Apps/docky
11 silly lifecycle docky@0.1.1~watch: Args: [ '-c',
11 silly lifecycle   'browser-sync start --server \'docs\' --files \'docs/css/*.css' ]
12 silly lifecycle docky@0.1.1~watch: Returned: code: 2  signal: null
13 info lifecycle docky@0.1.1~watch: Failed to exec watch script
14 verbose stack Error: docky@0.1.1 watch: `browser-sync start --server 'docs' --files 'docs/css/*.css`
14 verbose stack Exit status 2
14 verbose stack     at EventEmitter.<anonymous> (/usr/local/lib/node_modules/npm/lib/utils/lifecycle.js:279:16)
14 verbose stack     at emitTwo (events.js:106:13)
14 verbose stack     at EventEmitter.emit (events.js:194:7)
14 verbose stack     at ChildProcess.<anonymous> (/usr/local/lib/node_modules/npm/lib/utils/spawn.js:40:14)
14 verbose stack     at emitTwo (events.js:106:13)
14 verbose stack     at ChildProcess.emit (events.js:194:7)
14 verbose stack     at maybeClose (internal/child_process.js:899:16)
14 verbose stack     at Process.ChildProcess._handle.onexit (internal/child_process.js:226:5)
15 verbose pkgid docky@0.1.1
16 verbose cwd /Users/mamurray/Apps/docky
17 error Darwin 16.4.0
18 error argv "/usr/local/bin/node" "/usr/local/bin/npm" "run" "watch"
19 error node v7.7.1
20 error npm  v4.1.2
21 error code ELIFECYCLE
22 error docky@0.1.1 watch: `browser-sync start --server 'docs' --files 'docs/css/*.css`
22 error Exit status 2
23 error Failed at the docky@0.1.1 watch script 'browser-sync start --server 'docs' --files 'docs/css/*.css'.
23 error Make sure you have the latest version of node.js and npm installed.
23 error If you do, this is most likely a problem with the docky package,
23 error not with npm itself.
23 error Tell the author that this fails on your system:
23 error     browser-sync start --server 'docs' --files 'docs/css/*.css
23 error You can get information on how to open an issue for this project with:
23 error     npm bugs docky
23 error Or if that isn't available, you can get their info via:
23 error     npm owner ls docky
23 error There is likely additional logging output above.
24 verbose exit [ 1, true ]
